<?xml version="1.0" encoding="UTF-8"?>
<!-- Generated by org.testng.reporters.JUnitReportReporter -->
<testsuite hostname="DESKTOP-BTI5G9F" name="rough.loginTest" tests="1" failures="0" timestamp="11 Aug 2019 18:35:53 GMT" time="52.236" errors="0">
  <testcase name="testPra" time="52.236" classname="rough.loginTest"/>
</testsuite> <!-- rough.loginTest -->
